Base path: F:/Programs/Editor/Data
Pipe name: \\.\pipe\UnityShaderCompiler-7-43140
Cmd: getPlatforms
Cmd: compileSnippet
  api=8 type=1 insize=1007 outsize=1219 kw= ok=1
Cmd: compileSnippet
  api=4 type=0 insize=1171 outsize=1737 kw= ok=1
Cmd: compileSnippet
  api=4 type=1 insize=3251 outsize=933 kw= ok=1
Cmd: compileSnippet
  api=4 type=0 insize=3261 outsize=1339 kw= ok=1
Cmd: compileSnippet
  api=8 type=1 insize=3258 outsize=1057 kw= ok=1
Cmd: compileSnippet
  api=8 type=0 insize=3253 outsize=2023 kw= ok=1
Cmd: compileSnippet
  api=4 type=0 insize=19335 outsize=1298 kw= ok=1
Cmd: compileSnippet
  api=4 type=1 insize=19342 outsize=3915 kw= ok=1
Cmd: compileSnippet
  api=4 type=1 insize=19345 outsize=1485 kw= ok=1
Cmd: compileSnippet
  api=0 type=1 insize=19338 outsize=6 kw= ok=1
Cmd: compileSnippet
  api=4 type=1 insize=19334 outsize=1388 kw= ok=1
Cmd: compileSnippet
  api=4 type=1 insize=19333 outsize=2558 kw= ok=1
Cmd: compileSnippet
  api=0 type=1 insize=19350 outsize=6 kw= ok=1
Cmd: compileSnippet
  api=4 type=0 insize=4713 outsize=2143 kw= ok=1
Cmd: compileSnippet
  api=8 type=0 insize=4714 outsize=2495 kw= ok=1
Cmd: compileSnippet
  api=8 type=1 insize=4714 outsize=3600 kw= ok=1
Cmd: compileSnippet
  api=4 type=1 insize=3862 outsize=4557 kw= ok=1
Cmd: compileSnippet
  api=8 type=0 insize=3844 outsize=1772 kw= ok=1
Cmd: compileSnippet
  api=8 type=0 insize=3844 outsize=1958 kw= ok=1
Cmd: compileSnippet
  api=8 type=1 insize=3844 outsize=2543 kw= ok=1
Cmd: compileSnippet
  api=8 type=1 insize=624 outsize=658 kw= ok=1
Cmd: compileSnippet
  api=0 type=1 insize=1623 outsize=496 kw= ok=1
Unhandled exception: Readfile from pipe failed. GLE=The pipe has been ended.


Quitting shader compiler process
